<?xml version="1.0" encoding="UTF-8"?>
<!-- Generated by org.testng.reporters.JUnitReportReporter -->
<testsuite hostname="voas-MacBook-Pro.local" failures="0" tests="4" name="tests.AmazonSearchTest" time="27.102" errors="0" timestamp="2021-06-07T11:02:42 EDT" skipped="0">
  <testcase classname="tests.AmazonSearchTest" name="amazonSearchTest" time="12.515"/>
  <system-out/>
  <testcase classname="tests.AmazonSearchTest" name="dropDownTest" time="3.953"/>
  <system-out/>
  <testcase classname="tests.AmazonSearchTest" name="softAssertTest" time="2.222"/>
  <system-out/>
  <testcase classname="tests.AmazonSearchTest" name="searchResultVerify" time="8.412"/>
  <system-out/>
</testsuite> <!-- tests.AmazonSearchTest -->
