<?xml version="1.0" encoding="UTF-8"?>
<!-- Generated by org.testng.reporters.JUnitReportReporter -->
<testsuite hostname="voas-MBP" failures="0" tests="5" name="tests.AmazonSearchDataDriventest" time="28.296" errors="0" timestamp="2021-06-05T11:42:50 EDT" skipped="0">
  <testcase classname="tests.AmazonSearchDataDriventest" name="test" time="5.829"/>
  <system-out/>
  <testcase classname="tests.AmazonSearchDataDriventest" name="test" time="6.299"/>
  <system-out/>
  <testcase classname="tests.AmazonSearchDataDriventest" name="test" time="5.382"/>
  <system-out/>
  <testcase classname="tests.AmazonSearchDataDriventest" name="test" time="5.251"/>
  <system-out/>
  <testcase classname="tests.AmazonSearchDataDriventest" name="test" time="5.535"/>
  <system-out/>
</testsuite> <!-- tests.AmazonSearchDataDriventest -->
