<?xml version="1.0" encoding="UTF-8"?>
<!-- Generated by org.testng.reporters.JUnitReportReporter -->
<testsuite hostname="voas-MBP" failures="0" tests="3" name="tests.SeleniumEasyAlertTests" time="15.727" errors="0" timestamp="2021-06-05T12:34:20 EDT" skipped="0">
  <testcase classname="tests.SeleniumEasyAlertTests" name="firstAlertTest" time="7.419"/>
  <system-out/>
  <testcase classname="tests.SeleniumEasyAlertTests" name="secondAlertTest" time="5.146"/>
  <system-out/>
  <testcase classname="tests.SeleniumEasyAlertTests" name="thirdAlertTest" time="3.162"/>
  <system-out/>
</testsuite> <!-- tests.SeleniumEasyAlertTests -->
