<?xml version="1.0" encoding="UTF-8"?>
<!-- Generated by org.testng.reporters.JUnitReportReporter -->
<testsuite hostname="voas-MBP" failures="0" tests="3" name="tests.AmazonSearchTest" time="21.903" errors="0" timestamp="2021-06-04T11:12:00 EDT" skipped="0">
  <testcase classname="tests.AmazonSearchTest" name="dropDownTest" time="4.477"/>
  <system-out/>
  <testcase classname="tests.AmazonSearchTest" name="searchResultVerify" time="7.867"/>
  <system-out/>
  <testcase classname="tests.AmazonSearchTest" name="amazonSearchTest" time="9.559"/>
  <system-out/>
</testsuite> <!-- tests.AmazonSearchTest -->
