<?xml version="1.0" encoding="UTF-8"?>
<!-- Generated by org.testng.reporters.JUnitReportReporter -->
<testsuite hostname="voas-MBP" failures="0" tests="1" name="tests.AmazonItemPurchaseTest" time="0.003" errors="0" timestamp="2021-06-04T11:12:00 EDT" skipped="0">
  <testcase classname="tests.AmazonItemPurchaseTest" name="f" time="0.003"/>
  <system-out/>
</testsuite> <!-- tests.AmazonItemPurchaseTest -->
