<?xml version="1.0" encoding="UTF-8"?>
<!-- Generated by org.testng.reporters.JUnitReportReporter -->
<testsuite hostname="voas-MBP" failures="0" tests="1" name="tests.AmazonAddToCartTest" time="0.000" errors="0" timestamp="2021-06-04T11:12:00 EDT" skipped="0">
  <testcase classname="tests.AmazonAddToCartTest" name="f" time="0.000"/>
  <system-out/>
</testsuite> <!-- tests.AmazonAddToCartTest -->
